2022-04-20 17:43:23,787 Starting new HTTPS connection (1): maps.googleapis.com:443
2022-04-20 17:43:24,224 https://maps.googleapis.com:443 "GET /maps/api/geocode/json?address=CH62+United+Kingdom&key=AIzaSyAcUySoPfcSDiX3f-B6_exj235d1I_AHL8 HTTP/1.1" 200 None
2022-04-20 17:43:24,224 Starting new HTTPS connection (1): meteostat.p.rapidapi.com:443
2022-04-20 17:43:24,593 https://meteostat.p.rapidapi.com:443 "GET /point/daily?lat=53.3375254&lon=-2.9703369&start=2022-02-19&end=2022-02-19 HTTP/1.1" 200 185
2022-04-20 17:43:24,593 Starting new HTTPS connection (1): maps.googleapis.com:443
2022-04-20 17:43:24,972 https://maps.googleapis.com:443 "GET /maps/api/geocode/json?address=LS17+United+Kingdom&key=AIzaSyAcUySoPfcSDiX3f-B6_exj235d1I_AHL8 HTTP/1.1" 200 None
2022-04-20 17:43:24,988 Starting new HTTPS connection (1): meteostat.p.rapidapi.com:443
2022-04-20 17:43:25,284 https://meteostat.p.rapidapi.com:443 "GET /point/daily?lat=53.8902235&lon=-1.5172498&start=2022-02-20&end=2022-02-20 HTTP/1.1" 200 188
2022-04-20 17:43:25,284 Starting new HTTPS connection (1): maps.googleapis.com:443
2022-04-20 17:43:25,708 https://maps.googleapis.com:443 "GET /maps/api/geocode/json?address=CO2+United+Kingdom&key=AIzaSyAcUySoPfcSDiX3f-B6_exj235d1I_AHL8 HTTP/1.1" 200 None
2022-04-20 17:43:25,724 Starting new HTTPS connection (1): meteostat.p.rapidapi.com:443
2022-04-20 17:43:26,021 https://meteostat.p.rapidapi.com:443 "GET /point/daily?lat=51.8594148&lon=0.8988837&start=2022-02-20&end=2022-02-20 HTTP/1.1" 200 200
2022-04-20 17:43:26,021 Starting new HTTPS connection (1): maps.googleapis.com:443
2022-04-20 17:43:26,471 https://maps.googleapis.com:443 "GET /maps/api/geocode/json?address=EH17+United+Kingdom&key=AIzaSyAcUySoPfcSDiX3f-B6_exj235d1I_AHL8 HTTP/1.1" 200 None
2022-04-20 17:43:26,471 Starting new HTTPS connection (1): meteostat.p.rapidapi.com:443
2022-04-20 17:43:26,810 https://meteostat.p.rapidapi.com:443 "GET /point/daily?lat=55.901599&lon=-3.1351147&start=2022-02-20&end=2022-02-20 HTTP/1.1" 200 187
2022-04-20 17:43:26,825 Starting new HTTPS connection (1): maps.googleapis.com:443
2022-04-20 17:43:27,241 https://maps.googleapis.com:443 "GET /maps/api/geocode/json?address=IP8+United+Kingdom&key=AIzaSyAcUySoPfcSDiX3f-B6_exj235d1I_AHL8 HTTP/1.1" 200 None
2022-04-20 17:43:27,244 Starting new HTTPS connection (1): meteostat.p.rapidapi.com:443
2022-04-20 17:43:27,944 https://meteostat.p.rapidapi.com:443 "GET /point/daily?lat=52.0698401&lon=1.052167&start=2022-02-21&end=2022-02-21 HTTP/1.1" 200 187
2022-04-20 17:43:27,952 Starting new HTTPS connection (1): maps.googleapis.com:443
2022-04-20 17:43:28,398 https://maps.googleapis.com:443 "GET /maps/api/geocode/json?address=TA20+United+Kingdom&key=AIzaSyAcUySoPfcSDiX3f-B6_exj235d1I_AHL8 HTTP/1.1" 200 None
2022-04-20 17:43:28,406 Starting new HTTPS connection (1): meteostat.p.rapidapi.com:443
2022-04-20 17:43:30,184 https://meteostat.p.rapidapi.com:443 "GET /point/daily?lat=50.8808714&lon=-2.9677787&start=2022-02-20&end=2022-02-20 HTTP/1.1" 200 192
2022-04-20 17:43:30,191 Starting new HTTPS connection (1): maps.googleapis.com:443
2022-04-20 17:43:30,602 https://maps.googleapis.com:443 "GET /maps/api/geocode/json?address=S8+United+Kingdom&key=AIzaSyAcUySoPfcSDiX3f-B6_exj235d1I_AHL8 HTTP/1.1" 200 None
2022-04-20 17:43:30,609 Starting new HTTPS connection (1): meteostat.p.rapidapi.com:443
2022-04-20 17:43:31,595 https://meteostat.p.rapidapi.com:443 "GET /point/daily?lat=53.3330347&lon=-1.4673305&start=2022-02-20&end=2022-02-20 HTTP/1.1" 200 196
2022-04-20 17:43:31,605 Starting new HTTPS connection (1): maps.googleapis.com:443
2022-04-20 17:43:32,015 https://maps.googleapis.com:443 "GET /maps/api/geocode/json?address=CM3+United+Kingdom&key=AIzaSyAcUySoPfcSDiX3f-B6_exj235d1I_AHL8 HTTP/1.1" 200 None
2022-04-20 17:43:32,023 Starting new HTTPS connection (1): meteostat.p.rapidapi.com:443
2022-04-20 17:43:32,986 https://meteostat.p.rapidapi.com:443 "GET /point/daily?lat=51.7876327&lon=0.5479525&start=2022-02-23&end=2022-02-23 HTTP/1.1" 200 186
2022-04-20 17:43:32,995 Starting new HTTPS connection (1): maps.googleapis.com:443
2022-04-20 17:43:33,371 https://maps.googleapis.com:443 "GET /maps/api/geocode/json?address=SW1E+United+Kingdom&key=AIzaSyAcUySoPfcSDiX3f-B6_exj235d1I_AHL8 HTTP/1.1" 200 None
2022-04-20 17:43:33,377 Starting new HTTPS connection (1): meteostat.p.rapidapi.com:443
2022-04-20 17:43:34,093 https://meteostat.p.rapidapi.com:443 "GET /point/daily?lat=51.4985016&lon=-0.1386791&start=2022-02-20&end=2022-02-20 HTTP/1.1" 200 192
2022-04-20 17:43:34,102 Starting new HTTPS connection (1): maps.googleapis.com:443
2022-04-20 17:43:34,531 https://maps.googleapis.com:443 "GET /maps/api/geocode/json?address=TN25+United+Kingdom&key=AIzaSyAcUySoPfcSDiX3f-B6_exj235d1I_AHL8 HTTP/1.1" 200 None
2022-04-20 17:43:34,547 Starting new HTTPS connection (1): meteostat.p.rapidapi.com:443
2022-04-20 17:43:35,286 https://meteostat.p.rapidapi.com:443 "GET /point/daily?lat=51.1546183&lon=0.9590906&start=2022-02-20&end=2022-02-20 HTTP/1.1" 200 189
2022-04-20 17:43:35,301 Starting new HTTPS connection (1): maps.googleapis.com:443
2022-04-20 17:43:35,740 https://maps.googleapis.com:443 "GET /maps/api/geocode/json?address=SA11+United+Kingdom&key=AIzaSyAcUySoPfcSDiX3f-B6_exj235d1I_AHL8 HTTP/1.1" 200 None
2022-04-20 17:43:35,740 Starting new HTTPS connection (1): meteostat.p.rapidapi.com:443
2022-04-20 17:43:36,736 https://meteostat.p.rapidapi.com:443 "GET /point/daily?lat=51.7322396&lon=-3.6535186&start=2022-02-23&end=2022-02-23 HTTP/1.1" 200 192
2022-04-20 17:43:36,745 Starting new HTTPS connection (1): maps.googleapis.com:443
2022-04-20 17:43:37,125 https://maps.googleapis.com:443 "GET /maps/api/geocode/json?address=IM8+United+Kingdom&key=AIzaSyAcUySoPfcSDiX3f-B6_exj235d1I_AHL8 HTTP/1.1" 200 None
2022-04-20 17:43:37,141 Starting new HTTPS connection (1): meteostat.p.rapidapi.com:443
2022-04-20 17:43:38,044 https://meteostat.p.rapidapi.com:443 "GET /point/daily?lat=54.3267548&lon=-4.4007723&start=2022-02-24&end=2022-02-24 HTTP/1.1" 200 187
2022-04-20 17:43:38,060 Starting new HTTPS connection (1): maps.googleapis.com:443
2022-04-20 17:43:38,466 https://maps.googleapis.com:443 "GET /maps/api/geocode/json?address=TN24+United+Kingdom&key=AIzaSyAcUySoPfcSDiX3f-B6_exj235d1I_AHL8 HTTP/1.1" 200 None
2022-04-20 17:43:38,466 Starting new HTTPS connection (1): meteostat.p.rapidapi.com:443
2022-04-20 17:43:39,232 https://meteostat.p.rapidapi.com:443 "GET /point/daily?lat=51.1446335&lon=0.8997392000000001&start=2022-02-22&end=2022-02-22 HTTP/1.1" 200 191
2022-04-20 17:43:39,248 Starting new HTTPS connection (1): maps.googleapis.com:443
2022-04-20 17:43:39,684 https://maps.googleapis.com:443 "GET /maps/api/geocode/json?address=NN6+United+Kingdom&key=AIzaSyAcUySoPfcSDiX3f-B6_exj235d1I_AHL8 HTTP/1.1" 200 None
2022-04-20 17:43:39,684 Starting new HTTPS connection (1): meteostat.p.rapidapi.com:443
2022-04-20 17:43:40,620 https://meteostat.p.rapidapi.com:443 "GET /point/daily?lat=52.336231&lon=-0.9513771999999999&start=2022-02-23&end=2022-02-23 HTTP/1.1" 200 191
2022-04-20 17:43:40,632 Starting new HTTPS connection (1): maps.googleapis.com:443
2022-04-20 17:43:41,032 https://maps.googleapis.com:443 "GET /maps/api/geocode/json?address=WD19+United+Kingdom&key=AIzaSyAcUySoPfcSDiX3f-B6_exj235d1I_AHL8 HTTP/1.1" 200 None
2022-04-20 17:43:41,041 Starting new HTTPS connection (1): meteostat.p.rapidapi.com:443
2022-04-20 17:43:41,775 https://meteostat.p.rapidapi.com:443 "GET /point/daily?lat=51.6301037&lon=-0.3902607&start=2022-02-20&end=2022-02-20 HTTP/1.1" 200 196
2022-04-20 17:43:41,785 Starting new HTTPS connection (1): maps.googleapis.com:443
2022-04-20 17:43:42,218 https://maps.googleapis.com:443 "GET /maps/api/geocode/json?address=SK14+United+Kingdom&key=AIzaSyAcUySoPfcSDiX3f-B6_exj235d1I_AHL8 HTTP/1.1" 200 None
2022-04-20 17:43:42,218 Starting new HTTPS connection (1): meteostat.p.rapidapi.com:443
2022-04-20 17:43:43,136 https://meteostat.p.rapidapi.com:443 "GET /point/daily?lat=53.4484138&lon=-2.0654633&start=2022-02-22&end=2022-02-22 HTTP/1.1" 200 191
2022-04-20 17:43:43,149 Starting new HTTPS connection (1): maps.googleapis.com:443
2022-04-20 17:43:43,608 https://maps.googleapis.com:443 "GET /maps/api/geocode/json?address=DE24+United+Kingdom&key=AIzaSyAcUySoPfcSDiX3f-B6_exj235d1I_AHL8 HTTP/1.1" 200 None
2022-04-20 17:43:43,613 Starting new HTTPS connection (1): meteostat.p.rapidapi.com:443
2022-04-20 17:43:45,173 https://meteostat.p.rapidapi.com:443 "GET /point/daily?lat=52.8920403&lon=-1.4566685&start=2022-02-19&end=2022-02-19 HTTP/1.1" 200 190
2022-04-20 17:43:45,173 Starting new HTTPS connection (1): maps.googleapis.com:443
2022-04-20 17:43:45,550 https://maps.googleapis.com:443 "GET /maps/api/geocode/json?address=RM6+United+Kingdom&key=AIzaSyAcUySoPfcSDiX3f-B6_exj235d1I_AHL8 HTTP/1.1" 200 None
2022-04-20 17:43:45,565 Starting new HTTPS connection (1): meteostat.p.rapidapi.com:443
2022-04-20 17:43:46,299 https://meteostat.p.rapidapi.com:443 "GET /point/daily?lat=51.5832989&lon=0.1354161&start=2022-02-20&end=2022-02-20 HTTP/1.1" 200 196
2022-04-20 17:43:46,304 Starting new HTTPS connection (1): maps.googleapis.com:443
2022-04-20 17:43:46,685 https://maps.googleapis.com:443 "GET /maps/api/geocode/json?address=LS17+United+Kingdom&key=AIzaSyAcUySoPfcSDiX3f-B6_exj235d1I_AHL8 HTTP/1.1" 200 None
2022-04-20 17:43:46,692 Starting new HTTPS connection (1): meteostat.p.rapidapi.com:443
2022-04-20 17:43:46,996 https://meteostat.p.rapidapi.com:443 "GET /point/daily?lat=53.8902235&lon=-1.5172498&start=2022-02-20&end=2022-02-20 HTTP/1.1" 200 188
2022-04-20 17:43:47,003 Starting new HTTPS connection (1): maps.googleapis.com:443
2022-04-20 17:43:47,427 https://maps.googleapis.com:443 "GET /maps/api/geocode/json?address=SA33+United+Kingdom&key=AIzaSyAcUySoPfcSDiX3f-B6_exj235d1I_AHL8 HTTP/1.1" 200 None
2022-04-20 17:43:47,443 Starting new HTTPS connection (1): meteostat.p.rapidapi.com:443
2022-04-20 17:43:48,582 https://meteostat.p.rapidapi.com:443 "GET /point/daily?lat=51.89627960000001&lon=-4.4217844&start=2022-02-24&end=2022-02-24 HTTP/1.1" 200 193
2022-04-20 17:43:48,582 Starting new HTTPS connection (1): maps.googleapis.com:443
2022-04-20 17:43:48,997 https://maps.googleapis.com:443 "GET /maps/api/geocode/json?address=CV1+United+Kingdom&key=AIzaSyAcUySoPfcSDiX3f-B6_exj235d1I_AHL8 HTTP/1.1" 200 None
2022-04-20 17:43:48,997 Starting new HTTPS connection (1): meteostat.p.rapidapi.com:443
2022-04-20 17:43:49,828 https://meteostat.p.rapidapi.com:443 "GET /point/daily?lat=52.4103366&lon=-1.5063179&start=2022-02-21&end=2022-02-21 HTTP/1.1" 200 197
2022-04-20 17:43:49,833 Starting new HTTPS connection (1): maps.googleapis.com:443
2022-04-20 17:43:50,219 https://maps.googleapis.com:443 "GET /maps/api/geocode/json?address=LE8+United+Kingdom&key=AIzaSyAcUySoPfcSDiX3f-B6_exj235d1I_AHL8 HTTP/1.1" 200 None
2022-04-20 17:43:50,219 Starting new HTTPS connection (1): meteostat.p.rapidapi.com:443
2022-04-20 17:43:51,425 https://meteostat.p.rapidapi.com:443 "GET /point/daily?lat=52.5489211&lon=-1.008372&start=2022-02-20&end=2022-02-20 HTTP/1.1" 200 194
2022-04-20 17:43:51,440 Starting new HTTPS connection (1): maps.googleapis.com:443
2022-04-20 17:43:51,883 https://maps.googleapis.com:443 "GET /maps/api/geocode/json?address=B60+United+Kingdom&key=AIzaSyAcUySoPfcSDiX3f-B6_exj235d1I_AHL8 HTTP/1.1" 200 None
2022-04-20 17:43:51,883 Starting new HTTPS connection (1): meteostat.p.rapidapi.com:443
2022-04-20 17:43:52,800 https://meteostat.p.rapidapi.com:443 "GET /point/daily?lat=52.31197179999999&lon=-2.032254&start=2022-02-20&end=2022-02-20 HTTP/1.1" 200 194
2022-04-20 17:43:52,800 Starting new HTTPS connection (1): maps.googleapis.com:443
2022-04-20 17:43:53,248 https://maps.googleapis.com:443 "GET /maps/api/geocode/json?address=E17+United+Kingdom&key=AIzaSyAcUySoPfcSDiX3f-B6_exj235d1I_AHL8 HTTP/1.1" 200 None
2022-04-20 17:43:53,263 Starting new HTTPS connection (1): meteostat.p.rapidapi.com:443
2022-04-20 17:43:53,975 https://meteostat.p.rapidapi.com:443 "GET /point/daily?lat=51.5833755&lon=-0.0176415&start=2022-02-21&end=2022-02-21 HTTP/1.1" 200 197
2022-04-20 17:43:53,985 Starting new HTTPS connection (1): maps.googleapis.com:443
2022-04-20 17:43:54,361 https://maps.googleapis.com:443 "GET /maps/api/geocode/json?address=MK4+United+Kingdom&key=AIzaSyAcUySoPfcSDiX3f-B6_exj235d1I_AHL8 HTTP/1.1" 200 None
2022-04-20 17:43:54,361 Starting new HTTPS connection (1): meteostat.p.rapidapi.com:443
2022-04-20 17:43:55,383 https://meteostat.p.rapidapi.com:443 "GET /point/daily?lat=52.00039779999999&lon=-0.7850682&start=2022-02-20&end=2022-02-20 HTTP/1.1" 200 196
2022-04-20 17:43:55,398 Starting new HTTPS connection (1): maps.googleapis.com:443
2022-04-20 17:43:55,959 https://maps.googleapis.com:443 "GET /maps/api/geocode/json?address=LE15+United+Kingdom&key=AIzaSyAcUySoPfcSDiX3f-B6_exj235d1I_AHL8 HTTP/1.1" 200 None
2022-04-20 17:43:55,959 Starting new HTTPS connection (1): meteostat.p.rapidapi.com:443
2022-04-20 17:43:56,913 https://meteostat.p.rapidapi.com:443 "GET /point/daily?lat=52.65772639999999&lon=-0.7387556&start=2022-02-21&end=2022-02-21 HTTP/1.1" 200 196
2022-04-20 17:43:56,936 Starting new HTTPS connection (1): maps.googleapis.com:443
2022-04-20 17:43:57,297 https://maps.googleapis.com:443 "GET /maps/api/geocode/json?address=M7+United+Kingdom&key=AIzaSyAcUySoPfcSDiX3f-B6_exj235d1I_AHL8 HTTP/1.1" 200 None
2022-04-20 17:43:57,297 Starting new HTTPS connection (1): meteostat.p.rapidapi.com:443
2022-04-20 17:43:58,034 https://meteostat.p.rapidapi.com:443 "GET /point/daily?lat=53.5071419&lon=-2.2570383&start=2022-02-21&end=2022-02-21 HTTP/1.1" 200 183
2022-04-20 17:43:58,050 Starting new HTTPS connection (1): maps.googleapis.com:443
2022-04-20 17:43:58,426 https://maps.googleapis.com:443 "GET /maps/api/geocode/json?address=GU52+United+Kingdom&key=AIzaSyAcUySoPfcSDiX3f-B6_exj235d1I_AHL8 HTTP/1.1" 200 None
2022-04-20 17:43:58,426 Starting new HTTPS connection (1): meteostat.p.rapidapi.com:443
2022-04-20 17:44:01,837 https://meteostat.p.rapidapi.com:443 "GET /point/daily?lat=51.2655067&lon=-0.8266981999999999&start=2022-02-22&end=2022-02-22 HTTP/1.1" 200 186
2022-04-20 17:44:01,851 Starting new HTTPS connection (1): maps.googleapis.com:443
2022-04-20 17:44:02,248 https://maps.googleapis.com:443 "GET /maps/api/geocode/json?address=ML2+United+Kingdom&key=AIzaSyAcUySoPfcSDiX3f-B6_exj235d1I_AHL8 HTTP/1.1" 200 None
2022-04-20 17:44:02,254 Starting new HTTPS connection (1): meteostat.p.rapidapi.com:443
2022-04-20 17:44:03,525 https://meteostat.p.rapidapi.com:443 "GET /point/daily?lat=55.7739486&lon=-3.8994329&start=2022-02-22&end=2022-02-22 HTTP/1.1" 200 185
2022-04-20 17:44:03,533 Starting new HTTPS connection (1): maps.googleapis.com:443
2022-04-20 17:44:03,889 https://maps.googleapis.com:443 "GET /maps/api/geocode/json?address=SE6+United+Kingdom&key=AIzaSyAcUySoPfcSDiX3f-B6_exj235d1I_AHL8 HTTP/1.1" 200 None
2022-04-20 17:44:03,889 Starting new HTTPS connection (1): meteostat.p.rapidapi.com:443
2022-04-20 17:44:04,642 https://meteostat.p.rapidapi.com:443 "GET /point/daily?lat=51.4362068&lon=-0.0175487&start=2022-02-21&end=2022-02-21 HTTP/1.1" 200 196
2022-04-20 17:44:04,642 Starting new HTTPS connection (1): maps.googleapis.com:443
2022-04-20 17:44:05,049 https://maps.googleapis.com:443 "GET /maps/api/geocode/json?address=B97+United+Kingdom&key=AIzaSyAcUySoPfcSDiX3f-B6_exj235d1I_AHL8 HTTP/1.1" 200 None
2022-04-20 17:44:05,057 Starting new HTTPS connection (1): meteostat.p.rapidapi.com:443
2022-04-20 17:44:05,780 https://meteostat.p.rapidapi.com:443 "GET /point/daily?lat=52.29156829999999&lon=-1.980559&start=2022-02-20&end=2022-02-20 HTTP/1.1" 200 196
2022-04-20 17:44:05,796 Starting new HTTPS connection (1): maps.googleapis.com:443
2022-04-20 17:44:06,198 https://maps.googleapis.com:443 "GET /maps/api/geocode/json?address=ST16+United+Kingdom&key=AIzaSyAcUySoPfcSDiX3f-B6_exj235d1I_AHL8 HTTP/1.1" 200 None
2022-04-20 17:44:06,198 Starting new HTTPS connection (1): meteostat.p.rapidapi.com:443
2022-04-20 17:44:07,251 https://meteostat.p.rapidapi.com:443 "GET /point/daily?lat=52.8176047&lon=-2.1273888&start=2022-02-23&end=2022-02-23 HTTP/1.1" 200 191
2022-04-20 17:44:07,267 Starting new HTTPS connection (1): maps.googleapis.com:443
2022-04-20 17:44:07,642 https://maps.googleapis.com:443 "GET /maps/api/geocode/json?address=BN3+United+Kingdom&key=AIzaSyAcUySoPfcSDiX3f-B6_exj235d1I_AHL8 HTTP/1.1" 200 None
2022-04-20 17:44:07,657 Starting new HTTPS connection (1): meteostat.p.rapidapi.com:443
