2022-04-20 17:48:11,783 Starting new HTTPS connection (1): maps.googleapis.com:443
2022-04-20 17:48:12,193 https://maps.googleapis.com:443 "GET /maps/api/geocode/json?address=CH62+United+Kingdom&key=AIzaSyAcUySoPfcSDiX3f-B6_exj235d1I_AHL8 HTTP/1.1" 200 None
2022-04-20 17:48:12,193 Starting new HTTPS connection (1): meteostat.p.rapidapi.com:443
2022-04-20 17:48:12,514 https://meteostat.p.rapidapi.com:443 "GET /point/daily?lat=53.3375254&lon=-2.9703369&start=2022-02-19&end=2022-02-19 HTTP/1.1" 200 185
2022-04-20 17:48:12,525 Starting new HTTPS connection (1): maps.googleapis.com:443
2022-04-20 17:48:12,848 https://maps.googleapis.com:443 "GET /maps/api/geocode/json?address=LS17+United+Kingdom&key=AIzaSyAcUySoPfcSDiX3f-B6_exj235d1I_AHL8 HTTP/1.1" 200 None
2022-04-20 17:48:12,848 Starting new HTTPS connection (1): meteostat.p.rapidapi.com:443
2022-04-20 17:48:13,180 https://meteostat.p.rapidapi.com:443 "GET /point/daily?lat=53.8902235&lon=-1.5172498&start=2022-02-20&end=2022-02-20 HTTP/1.1" 200 188
2022-04-20 17:48:13,196 Starting new HTTPS connection (1): maps.googleapis.com:443
2022-04-20 17:48:13,532 https://maps.googleapis.com:443 "GET /maps/api/geocode/json?address=CO2+United+Kingdom&key=AIzaSyAcUySoPfcSDiX3f-B6_exj235d1I_AHL8 HTTP/1.1" 200 None
2022-04-20 17:48:13,539 Starting new HTTPS connection (1): meteostat.p.rapidapi.com:443
2022-04-20 17:48:13,899 https://meteostat.p.rapidapi.com:443 "GET /point/daily?lat=51.8594148&lon=0.8988837&start=2022-02-20&end=2022-02-20 HTTP/1.1" 200 200
2022-04-20 17:48:13,914 Starting new HTTPS connection (1): maps.googleapis.com:443
2022-04-20 17:48:14,334 https://maps.googleapis.com:443 "GET /maps/api/geocode/json?address=EH17+United+Kingdom&key=AIzaSyAcUySoPfcSDiX3f-B6_exj235d1I_AHL8 HTTP/1.1" 200 None
2022-04-20 17:48:14,334 Starting new HTTPS connection (1): meteostat.p.rapidapi.com:443
2022-04-20 17:48:14,695 https://meteostat.p.rapidapi.com:443 "GET /point/daily?lat=55.901599&lon=-3.1351147&start=2022-02-20&end=2022-02-20 HTTP/1.1" 200 187
2022-04-20 17:48:14,695 Starting new HTTPS connection (1): maps.googleapis.com:443
2022-04-20 17:48:15,078 https://maps.googleapis.com:443 "GET /maps/api/geocode/json?address=IP8+United+Kingdom&key=AIzaSyAcUySoPfcSDiX3f-B6_exj235d1I_AHL8 HTTP/1.1" 200 None
2022-04-20 17:48:15,078 Starting new HTTPS connection (1): meteostat.p.rapidapi.com:443
2022-04-20 17:48:15,582 https://meteostat.p.rapidapi.com:443 "GET /point/daily?lat=52.0698401&lon=1.052167&start=2022-02-21&end=2022-02-21 HTTP/1.1" 200 187
2022-04-20 17:48:15,598 Starting new HTTPS connection (1): maps.googleapis.com:443
2022-04-20 17:48:16,021 https://maps.googleapis.com:443 "GET /maps/api/geocode/json?address=TA20+United+Kingdom&key=AIzaSyAcUySoPfcSDiX3f-B6_exj235d1I_AHL8 HTTP/1.1" 200 None
2022-04-20 17:48:16,025 Starting new HTTPS connection (1): meteostat.p.rapidapi.com:443
2022-04-20 17:48:16,360 https://meteostat.p.rapidapi.com:443 "GET /point/daily?lat=50.8808714&lon=-2.9677787&start=2022-02-20&end=2022-02-20 HTTP/1.1" 200 192
2022-04-20 17:48:16,371 Starting new HTTPS connection (1): maps.googleapis.com:443
2022-04-20 17:48:16,783 https://maps.googleapis.com:443 "GET /maps/api/geocode/json?address=S8+United+Kingdom&key=AIzaSyAcUySoPfcSDiX3f-B6_exj235d1I_AHL8 HTTP/1.1" 200 None
2022-04-20 17:48:16,790 Starting new HTTPS connection (1): meteostat.p.rapidapi.com:443
2022-04-20 17:48:17,299 https://meteostat.p.rapidapi.com:443 "GET /point/daily?lat=53.3330347&lon=-1.4673305&start=2022-02-20&end=2022-02-20 HTTP/1.1" 200 196
2022-04-20 17:48:17,310 Starting new HTTPS connection (1): maps.googleapis.com:443
2022-04-20 17:48:17,719 https://maps.googleapis.com:443 "GET /maps/api/geocode/json?address=CM3+United+Kingdom&key=AIzaSyAcUySoPfcSDiX3f-B6_exj235d1I_AHL8 HTTP/1.1" 200 None
2022-04-20 17:48:17,719 Starting new HTTPS connection (1): meteostat.p.rapidapi.com:443
2022-04-20 17:48:18,050 https://meteostat.p.rapidapi.com:443 "GET /point/daily?lat=51.7876327&lon=0.5479525&start=2022-02-23&end=2022-02-23 HTTP/1.1" 200 186
2022-04-20 17:48:18,061 Starting new HTTPS connection (1): maps.googleapis.com:443
2022-04-20 17:48:18,392 https://maps.googleapis.com:443 "GET /maps/api/geocode/json?address=SW1E+United+Kingdom&key=AIzaSyAcUySoPfcSDiX3f-B6_exj235d1I_AHL8 HTTP/1.1" 200 None
2022-04-20 17:48:18,395 Starting new HTTPS connection (1): meteostat.p.rapidapi.com:443
2022-04-20 17:48:18,688 https://meteostat.p.rapidapi.com:443 "GET /point/daily?lat=51.4985016&lon=-0.1386791&start=2022-02-20&end=2022-02-20 HTTP/1.1" 200 192
2022-04-20 17:48:18,704 Starting new HTTPS connection (1): maps.googleapis.com:443
2022-04-20 17:48:19,094 https://maps.googleapis.com:443 "GET /maps/api/geocode/json?address=TN25+United+Kingdom&key=AIzaSyAcUySoPfcSDiX3f-B6_exj235d1I_AHL8 HTTP/1.1" 200 None
2022-04-20 17:48:19,110 Starting new HTTPS connection (1): meteostat.p.rapidapi.com:443
2022-04-20 17:48:19,673 https://meteostat.p.rapidapi.com:443 "GET /point/daily?lat=51.1546183&lon=0.9590906&start=2022-02-20&end=2022-02-20 HTTP/1.1" 200 189
2022-04-20 17:48:19,845 output_file-./output_data/result_20042022_17_48_19.csv
