2022-04-20 17:48:49,251 Starting new HTTPS connection (1): maps.googleapis.com:443
2022-04-20 17:48:49,750 https://maps.googleapis.com:443 "GET /maps/api/geocode/json?address=TN23+United+Kingdom&key=AIzaSyAcUySoPfcSDiX3f-B6_exj235d1I_AHL8 HTTP/1.1" 200 None
2022-04-20 17:48:49,759 Starting new HTTPS connection (1): meteostat.p.rapidapi.com:443
2022-04-20 17:48:50,282 https://meteostat.p.rapidapi.com:443 "GET /point/daily?lat=51.1398026&lon=0.8465459&start=2022-02-20&end=2022-02-20 HTTP/1.1" 200 188
2022-04-20 17:48:50,304 Starting new HTTPS connection (1): maps.googleapis.com:443
2022-04-20 17:48:50,750 https://maps.googleapis.com:443 "GET /maps/api/geocode/json?address=BT19+United+Kingdom&key=AIzaSyAcUySoPfcSDiX3f-B6_exj235d1I_AHL8 HTTP/1.1" 200 None
2022-04-20 17:48:50,766 Starting new HTTPS connection (1): meteostat.p.rapidapi.com:443
2022-04-20 17:48:51,063 https://meteostat.p.rapidapi.com:443 "GET /point/daily?lat=54.6373313&lon=-5.6446326&start=2022-02-24&end=2022-02-24 HTTP/1.1" 200 183
2022-04-20 17:48:51,078 Starting new HTTPS connection (1): maps.googleapis.com:443
2022-04-20 17:48:51,469 https://maps.googleapis.com:443 "GET /maps/api/geocode/json?address=EN6+United+Kingdom&key=AIzaSyAcUySoPfcSDiX3f-B6_exj235d1I_AHL8 HTTP/1.1" 200 None
2022-04-20 17:48:51,485 Starting new HTTPS connection (1): meteostat.p.rapidapi.com:443
2022-04-20 17:48:51,966 https://meteostat.p.rapidapi.com:443 "GET /point/daily?lat=51.699096&lon=-0.1833664&start=2022-02-19&end=2022-02-19 HTTP/1.1" 200 198
2022-04-20 17:48:51,981 Starting new HTTPS connection (1): maps.googleapis.com:443
2022-04-20 17:48:52,439 https://maps.googleapis.com:443 "GET /maps/api/geocode/json?address=LN2+United+Kingdom&key=AIzaSyAcUySoPfcSDiX3f-B6_exj235d1I_AHL8 HTTP/1.1" 200 None
2022-04-20 17:48:52,439 Starting new HTTPS connection (1): meteostat.p.rapidapi.com:443
2022-04-20 17:48:52,752 https://meteostat.p.rapidapi.com:443 "GET /point/daily?lat=53.29248980000001&lon=-0.4901276&start=2022-02-25&end=2022-02-25 HTTP/1.1" 200 192
2022-04-20 17:48:52,752 Starting new HTTPS connection (1): maps.googleapis.com:443
2022-04-20 17:48:53,184 https://maps.googleapis.com:443 "GET /maps/api/geocode/json?address=YO32+United+Kingdom&key=AIzaSyAcUySoPfcSDiX3f-B6_exj235d1I_AHL8 HTTP/1.1" 200 None
2022-04-20 17:48:53,199 Starting new HTTPS connection (1): meteostat.p.rapidapi.com:443
2022-04-20 17:48:53,543 https://meteostat.p.rapidapi.com:443 "GET /point/daily?lat=54.0147528&lon=-1.0636774&start=2022-02-21&end=2022-02-21 HTTP/1.1" 200 192
2022-04-20 17:48:53,543 Starting new HTTPS connection (1): maps.googleapis.com:443
2022-04-20 17:48:53,996 https://maps.googleapis.com:443 "GET /maps/api/geocode/json?address=ME17+United+Kingdom&key=AIzaSyAcUySoPfcSDiX3f-B6_exj235d1I_AHL8 HTTP/1.1" 200 None
2022-04-20 17:48:53,996 Starting new HTTPS connection (1): meteostat.p.rapidapi.com:443
2022-04-20 17:48:54,309 https://meteostat.p.rapidapi.com:443 "GET /point/daily?lat=51.2405412&lon=0.6313780999999999&start=2022-02-24&end=2022-02-24 HTTP/1.1" 200 189
2022-04-20 17:48:54,324 Starting new HTTPS connection (1): maps.googleapis.com:443
2022-04-20 17:48:54,731 https://maps.googleapis.com:443 "GET /maps/api/geocode/json?address=L12+United+Kingdom&key=AIzaSyAcUySoPfcSDiX3f-B6_exj235d1I_AHL8 HTTP/1.1" 200 None
2022-04-20 17:48:54,731 Starting new HTTPS connection (1): meteostat.p.rapidapi.com:443
2022-04-20 17:48:55,027 https://meteostat.p.rapidapi.com:443 "GET /point/daily?lat=53.43679479999999&lon=-2.8881009&start=2022-02-21&end=2022-02-21 HTTP/1.1" 200 185
2022-04-20 17:48:55,043 Starting new HTTPS connection (1): maps.googleapis.com:443
2022-04-20 17:48:55,432 https://maps.googleapis.com:443 "GET /maps/api/geocode/json?address=SA9+United+Kingdom&key=AIzaSyAcUySoPfcSDiX3f-B6_exj235d1I_AHL8 HTTP/1.1" 200 None
2022-04-20 17:48:55,432 Starting new HTTPS connection (1): meteostat.p.rapidapi.com:443
2022-04-20 17:48:55,791 https://meteostat.p.rapidapi.com:443 "GET /point/daily?lat=51.813231&lon=-3.766230499999999&start=2022-02-21&end=2022-02-21 HTTP/1.1" 200 194
2022-04-20 17:48:55,807 Starting new HTTPS connection (1): maps.googleapis.com:443
2022-04-20 17:48:56,244 https://maps.googleapis.com:443 "GET /maps/api/geocode/json?address=E1+United+Kingdom&key=AIzaSyAcUySoPfcSDiX3f-B6_exj235d1I_AHL8 HTTP/1.1" 200 None
2022-04-20 17:48:56,244 Starting new HTTPS connection (1): meteostat.p.rapidapi.com:443
2022-04-20 17:48:56,572 https://meteostat.p.rapidapi.com:443 "GET /point/daily?lat=51.5176228&lon=-0.0557553&start=2022-02-21&end=2022-02-21 HTTP/1.1" 200 195
2022-04-20 17:48:56,572 Starting new HTTPS connection (1): maps.googleapis.com:443
2022-04-20 17:48:56,989 https://maps.googleapis.com:443 "GET /maps/api/geocode/json?address=ME4+United+Kingdom&key=AIzaSyAcUySoPfcSDiX3f-B6_exj235d1I_AHL8 HTTP/1.1" 200 None
2022-04-20 17:48:56,989 Starting new HTTPS connection (1): meteostat.p.rapidapi.com:443
2022-04-20 17:48:57,296 https://meteostat.p.rapidapi.com:443 "GET /point/daily?lat=51.3799304&lon=0.5252476&start=2022-02-22&end=2022-02-22 HTTP/1.1" 200 195
2022-04-20 17:48:57,311 GB000_test, invalid data
